# JRE version: Java(TM) SE Runtime Environment (8.0_65-b17) (build 1.8.0_65-b17)
# Java VM: Java HotSpot(TM) 64-Bit Server VM (25.65-b01 mixed mode bsd-amd64 compressed oops)
Heap:
 PSYoungGen      total 641536K, used 573467K [0x0000000795580000, 0x00000007c0000000, 0x00000007c0000000)
  eden space 584192K, 96% used [0x0000000795580000,0x00000007b7a9a3d8,0x00000007b9000000)
  from space 57344K, 19% used [0x00000007b9000000,0x00000007b9aec9c8,0x00000007bc800000)
  to   space 55808K, 0% used [0x00000007bc980000,0x00000007bc980000,0x00000007c0000000)
 ParOldGen       total 1398272K, used 819581K [0x0000000740000000, 0x0000000795580000, 0x0000000795580000)
  object space 1398272K, 58% used [0x0000000740000000,0x000000077205f710,0x0000000795580000)
 Metaspace       used 308899K, capacity 359784K, committed 360192K, reserved 1366016K
  class space    used 35632K, capacity 42869K, committed 43008K, reserved 1048576K
GC Heap History (10 events):
Event: 8845.601 GC heap before
{Heap before GC invocations=207 (full 8):
 PSYoungGen      total 640512K, used 606503K [0x0000000795580000, 0x00000007bf600000, 0x00000007c0000000)
  eden space 590336K, 100% used [0x0000000795580000,0x00000007b9600000,0x00000007b9600000)
  from space 50176K, 32% used [0x00000007bc500000,0x00000007bd4c9cb8,0x00000007bf600000)
  to   space 48128K, 0% used [0x00000007b9600000,0x00000007b9600000,0x00000007bc500000)
 ParOldGen       total 1398272K, used 745703K [0x0000000740000000, 0x0000000795580000, 0x0000000795580000)
  object space 1398272K, 53% used [0x0000000740000000,0x000000076d839d70,0x0000000795580000)
 Metaspace       used 307264K, capacity 356484K, committed 356864K, reserved 1363968K
  class space    used 35375K, capacity 42374K, committed 42496K, reserved 1048576K
Event: 8845.624 GC heap after
Heap after GC invocations=207 (full 8):
 PSYoungGen      total 638464K, used 15548K [0x0000000795580000, 0x00000007bf800000, 0x00000007c0000000)
  eden space 590336K, 0% used [0x0000000795580000,0x0000000795580000,0x00000007b9600000)
  from space 48128K, 32% used [0x00000007b9600000,0x00000007ba52f170,0x00000007bc500000)
  to   space 45056K, 0% used [0x00000007bcc00000,0x00000007bcc00000,0x00000007bf800000)
 ParOldGen       total 1398272K, used 746523K [0x0000000740000000, 0x0000000795580000, 0x0000000795580000)
  object space 1398272K, 53% used [0x0000000740000000,0x000000076d906da0,0x0000000795580000)
 Metaspace       used 307264K, capacity 356484K, committed 356864K, reserved 1363968K
  class space    used 35375K, capacity 42374K, committed 42496K, reserved 1048576K
}
Event: 8846.890 GC heap before
{Heap before GC invocations=208 (full 8):
 PSYoungGen      total 638464K, used 605884K [0x0000000795580000, 0x00000007bf800000, 0x00000007c0000000)
  eden space 590336K, 100% used [0x0000000795580000,0x00000007b9600000,0x00000007b9600000)
  from space 48128K, 32% used [0x00000007b9600000,0x00000007ba52f170,0x00000007bc500000)
  to   space 45056K, 0% used [0x00000007bcc00000,0x00000007bcc00000,0x00000007bf800000)
 ParOldGen       total 1398272K, used 746548K [0x0000000740000000, 0x0000000795580000, 0x0000000795580000)
  object space 1398272K, 53% used [0x0000000740000000,0x000000076d90d2e8,0x0000000795580000)
 Metaspace       used 307517K, capacity 356750K, committed 357120K, reserved 1363968K
  class space    used 35398K, capacity 42380K, committed 42496K, reserved 1048576K
Event: 8846.920 GC heap after
Heap after GC invocations=208 (full 8):
 PSYoungGen      total 648192K, used 14955K [0x0000000795580000, 0x00000007bf800000, 0x00000007c0000000)
  eden space 603136K, 0% used [0x0000000795580000,0x0000000795580000,0x00000007ba280000)
  from space 45056K, 33% used [0x00000007bcc00000,0x00000007bda9ae50,0x00000007bf800000)
  to   space 42496K, 0% used [0x00000007ba280000,0x00000007ba280000,0x00000007bcc00000)
 ParOldGen       total 1398272K, used 748602K [0x0000000740000000, 0x0000000795580000, 0x0000000795580000)
  object space 1398272K, 53% used [0x0000000740000000,0x000000076db0e960,0x0000000795580000)
 Metaspace       used 307517K, capacity 356750K, committed 357120K, reserved 1363968K
  class space    used 35398K, capacity 42380K, committed 42496K, reserved 1048576K
}
Event: 8849.609 GC heap before
{Heap before GC invocations=209 (full 8):
 PSYoungGen      total 648192K, used 618091K [0x0000000795580000, 0x00000007bf800000, 0x00000007c0000000)
  eden space 603136K, 100% used [0x0000000795580000,0x00000007ba280000,0x00000007ba280000)
  from space 45056K, 33% used [0x00000007bcc00000,0x00000007bda9ae50,0x00000007bf800000)
  to   space 42496K, 0% used [0x00000007ba280000,0x00000007ba280000,0x00000007bcc00000)
 ParOldGen       total 1398272K, used 748802K [0x0000000740000000, 0x0000000795580000, 0x0000000795580000)
  object space 1398272K, 53% used [0x0000000740000000,0x000000076db408c8,0x0000000795580000)
 Metaspace       used 307715K, capacity 357092K, committed 357376K, reserved 1363968K
  class space    used 35435K, capacity 42437K, committed 42496K, reserved 1048576K
Event: 8849.635 GC heap after
Heap after GC invocations=209 (full 8):
 PSYoungGen      total 645632K, used 12356K [0x0000000795580000, 0x00000007bfa80000, 0x00000007c0000000)
  eden space 603136K, 0% used [0x0000000795580000,0x0000000795580000,0x00000007ba280000)
  from space 42496K, 29% used [0x00000007ba280000,0x00000007bae91048,0x00000007bcc00000)
  to   space 40960K, 0% used [0x00000007bd280000,0x00000007bd280000,0x00000007bfa80000)
 ParOldGen       total 1398272K, used 751431K [0x0000000740000000, 0x0000000795580000, 0x0000000795580000)
  object space 1398272K, 53% used [0x0000000740000000,0x000000076ddd1c40,0x0000000795580000)
 Metaspace       used 307715K, capacity 357092K, committed 357376K, reserved 1363968K
  class space    used 35435K, capacity 42437K, committed 42496K, reserved 1048576K
}
Event: 8852.770 GC heap before
{Heap before GC invocations=210 (full 8):
 PSYoungGen      total 645632K, used 615492K [0x0000000795580000, 0x00000007bfa80000, 0x00000007c0000000)
  eden space 603136K, 100% used [0x0000000795580000,0x00000007ba280000,0x00000007ba280000)
  from space 42496K, 29% used [0x00000007ba280000,0x00000007bae91048,0x00000007bcc00000)
  to   space 40960K, 0% used [0x00000007bd280000,0x00000007bd280000,0x00000007bfa80000)
 ParOldGen       total 1398272K, used 751431K [0x0000000740000000, 0x0000000795580000, 0x0000000795580000)
  object space 1398272K, 53% used [0x0000000740000000,0x000000076ddd1f70,0x0000000795580000)
 Metaspace       used 307958K, capacity 357594K, committed 358016K, reserved 1363968K
  class space    used 35477K, capacity 42505K, committed 42624K, reserved 1048576K
Event: 8853.005 GC heap after
Heap after GC invocations=210 (full 8):
 PSYoungGen      total 625152K, used 40960K [0x0000000795580000, 0x00000007c0000000, 0x00000007c0000000)
  eden space 584192K, 0% used [0x0000000795580000,0x0000000795580000,0x00000007b9000000)
  from space 40960K, 100% used [0x00000007bd280000,0x00000007bfa80000,0x00000007bfa80000)
  to   space 57344K, 0% used [0x00000007b9000000,0x00000007b9000000,0x00000007bc800000)
 ParOldGen       total 1398272K, used 778511K [0x0000000740000000, 0x0000000795580000, 0x0000000795580000)
  object space 1398272K, 55% used [0x0000000740000000,0x000000076f843cb0,0x0000000795580000)
 Metaspace       used 307958K, capacity 357594K, committed 358016K, reserved 1363968K
  class space    used 35477K, capacity 42505K, committed 42624K, reserved 1048576K
}
Event: 8857.755 GC heap before
{Heap before GC invocations=211 (full 8):
 PSYoungGen      total 625152K, used 625152K [0x0000000795580000, 0x00000007c0000000, 0x00000007c0000000)
  eden space 584192K, 100% used [0x0000000795580000,0x00000007b9000000,0x00000007b9000000)
  from space 40960K, 100% used [0x00000007bd280000,0x00000007bfa80000,0x00000007bfa80000)
  to   space 57344K, 0% used [0x00000007b9000000,0x00000007b9000000,0x00000007bc800000)
 ParOldGen       total 1398272K, used 778513K [0x0000000740000000, 0x0000000795580000, 0x0000000795580000)
  object space 1398272K, 55% used [0x0000000740000000,0x000000076f844628,0x0000000795580000)
 Metaspace       used 308494K, capacity 358750K, committed 358912K, reserved 1366016K
  class space    used 35552K, capacity 42673K, committed 42752K, reserved 1048576K
Event: 8857.987 GC heap after
Heap after GC invocations=211 (full 8):
 PSYoungGen      total 641536K, used 11186K [0x0000000795580000, 0x00000007c0000000, 0x00000007c0000000)
  eden space 584192K, 0% used [0x0000000795580000,0x0000000795580000,0x00000007b9000000)
  from space 57344K, 19% used [0x00000007b9000000,0x00000007b9aec9c8,0x00000007bc800000)
  to   space 55808K, 0% used [0x00000007bc980000,0x00000007bc980000,0x00000007c0000000)
 ParOldGen       total 1398272K, used 819581K [0x0000000740000000, 0x0000000795580000, 0x0000000795580000)
  object space 1398272K, 58% used [0x0000000740000000,0x000000077205f710,0x0000000795580000)
 Metaspace       used 308494K, capacity 358750K, committed 358912K, reserved 1366016K
  class space    used 35552K, capacity 42673K, committed 42752K, reserved 1048576K
}

